#
# There is insufficient memory for the Java Runtime Environment to continue.
# Native memory allocation (mmap) failed to map 67108864 bytes for G1 virtual space
# Possible reasons:
#   The system is out of physical RAM or swap space
#   The process is running with CompressedOops enabled, and the Java Heap may be blocking the growth of the native heap
# Possible solutions:
#   Reduce memory load on the system
#   Increase physical memory or swap space
#   Check if swap backing store is full
#   Decrease Java heap size (-Xmx/-Xms)
#   Decrease number of Java threads
#   Decrease Java thread stack sizes (-Xss)
#   Set larger code cache with -XX:ReservedCodeCacheSize=
#   JVM is running with Unscaled Compressed Oops mode in which the Java heap is
#     placed in the first 4GB address space. The Java Heap base address is the
#     maximum limit for the native heap growth. Please use -XX:HeapBaseMinAddress
#     to set the Java Heap base and to place the Java Heap above 4GB virtual address.
# This output file may be truncated or incomplete.
#
#  Out of Memory Error (os_windows.cpp:3466), pid=216, tid=10264
#
# JRE version:  (16.0+36) (build )
# Java VM: Java HotSpot(TM) 64-Bit Server VM (16+36-2231, mixed mode, sharing, tiered, compressed oops, g1 gc, windows-amd64)
# No core dump will be written. Minidumps are not enabled by default on client versions of Windows
#

---------------  S U M M A R Y ------------

Command Line: -Dfile.encoding=UTF-8 -XX:+ShowCodeDetailsInExceptionMessages t5.evaluable5.Servidor

Host: Intel(R) Core(TM) i5-4200U CPU @ 1.60GHz, 4 cores, 3G,  Windows 10 , 64 bit Build 19041 (10.0.19041.1503)
Time: Sat Feb 12 22:11:02 2022 Hora estándar romance elapsed time: 0.020973 seconds (0d 0h 0m 0s)

---------------  T H R E A D  ---------------

Current thread (0x000002607c8989e0):  JavaThread "Unknown thread" [_thread_in_vm, id=10264, stack(0x000000bd05300000,0x000000bd05400000)]

Stack: [0x000000bd05300000,0x000000bd05400000]
Native frames: (J=compiled Java code, j=interpreted, Vv=VM code, C=native code)
V  [jvm.dll+0x6681da]
V  [jvm.dll+0x7c9d99]
V  [jvm.dll+0x7cb4d3]
V  [jvm.dll+0x7cbb33]
V  [jvm.dll+0x242ee5]
V  [jvm.dll+0x664f99]
V  [jvm.dll+0x659b85]
V  [jvm.dll+0x2fbfcb]
V  [jvm.dll+0x3031c6]
V  [jvm.dll+0x352a0e]
V  [jvm.dll+0x352c3f]
V  [jvm.dll+0x2d3038]
V  [jvm.dll+0x2d4274]
V  [jvm.dll+0x79c691]
V  [jvm.dll+0x3607b1]
V  [jvm.dll+0x77a370]
V  [jvm.dll+0x3e501f]
V  [jvm.dll+0x3e6af1]
C  [jli.dll+0x52fb]
C  [ucrtbase.dll+0x21bb2]
C  [KERNEL32.DLL+0x17034]
C  [ntdll.dll+0x52651]


---------------  P R O C E S S  ---------------

Threads class SMR info:
_java_thread_list=0x00007ffaeecccbb8, length=0, elements={
}

Java Threads: ( => current thread )

Other Threads:
  0x000002607c8c64f0 GCTaskThread "GC Thread#0" [stack: 0x000000bd05400000,0x000000bd05500000] [id=11476]
  0x000002607c8cfa50 ConcurrentGCThread "G1 Main Marker" [stack: 0x000000bd05500000,0x000000bd05600000] [id=2644]
  0x000002607c8d0540 ConcurrentGCThread "G1 Conc#0" [stack: 0x000000bd05600000,0x000000bd05700000] [id=2060]

[error occurred during error reporting (printing all threads), id 0xc0000005, EXCEPTION_ACCESS_VIOLATION (0xc0000005) at pc=0x00007ffaee4a3ef7]

VM state: not at safepoint (not fully initialized)

VM Mutex/Monitor currently owned by a thread:  ([mutex/lock_event])
[0x000002607c895460] Heap_lock - owner thread: 0x000002607c8989e0

Heap address: 0x00000000c1c00000, size: 996 MB, Compressed Oops mode: 32-bit
CDS archive(s) mapped at: [0x0000000000000000-0x0000000000000000-0x0000000000000000), size 0, SharedBaseAddress: 0x0000000800000000, ArchiveRelocationMode: 0.
Narrow klass base: 0x0000000000000000, Narrow klass shift: 0, Narrow klass range: 0x0

GC Precious Log:
<Empty>

Heap:
 garbage-first heap   total 0K, used 0K [0x00000000c1c00000, 0x0000000100000000)
  region size 1024K, 0 young (0K), 0 survivors (0K)

[error occurred during error reporting (printing heap information), id 0xc0000005, EXCEPTION_ACCESS_VIOLATION (0xc0000005) at pc=0x00007ffaee881edd]

GC Heap History (0 events):
No events

Deoptimization events (0 events):
No events

Classes unloaded (0 events):
No events

Classes redefined (0 events):
No events

Internal exceptions (0 events):
No events

Events (1 events):
Event: 0.010 Loaded shared library C:\Program Files\Java\jdk-16\bin\java.dll


Dynamic libraries:
0x00007ff621bf0000 - 0x00007ff621c00000 	C:\Program Files\Java\jdk-16\bin\javaw.exe
0x00007ffb43b10000 - 0x00007ffb43d05000 	C:\WINDOWS\SYSTEM32\ntdll.dll
0x00007ffb42460000 - 0x00007ffb4251e000 	C:\WINDOWS\System32\KERNEL32.DLL
0x00007ffb41630000 - 0x00007ffb418f8000 	C:\WINDOWS\System32\KERNELBASE.dll
0x00007ffb413f0000 - 0x00007ffb414f0000 	C:\WINDOWS\System32\ucrtbase.dll
0x00007ffb3b880000 - 0x00007ffb3b898000 	C:\Program Files\Java\jdk-16\bin\jli.dll
0x00007ffb437a0000 - 0x00007ffb4384e000 	C:\WINDOWS\System32\ADVAPI32.dll
0x00007ffb39890000 - 0x00007ffb398a9000 	C:\Program Files\Java\jdk-16\bin\VCRUNTIME140.dll
0x00007ffb43850000 - 0x00007ffb438ee000 	C:\WINDOWS\System32\msvcrt.dll
0x00007ffb43700000 - 0x00007ffb4379c000 	C:\WINDOWS\System32\sechost.dll
0x00007ffb439a0000 - 0x00007ffb43ac5000 	C:\WINDOWS\System32\RPCRT4.dll
0x00007ffb422c0000 - 0x00007ffb42460000 	C:\WINDOWS\System32\USER32.dll
0x00007ffb2fd50000 - 0x00007ffb2ffea000 	C:\WINDOWS\WinSxS\amd64_microsoft.windows.common-controls_6595b64144ccf1df_6.0.19041.1110_none_60b5254171f9507e\COMCTL32.dll
0x00007ffb41950000 - 0x00007ffb41972000 	C:\WINDOWS\System32\win32u.dll
0x00007ffb42520000 - 0x00007ffb4254b000 	C:\WINDOWS\System32\GDI32.dll
0x00007ffb41520000 - 0x00007ffb4162d000 	C:\WINDOWS\System32\gdi32full.dll
0x00007ffb41980000 - 0x00007ffb41a1d000 	C:\WINDOWS\System32\msvcp_win.dll
0x00007ffb38a30000 - 0x00007ffb38a3a000 	C:\WINDOWS\SYSTEM32\VERSION.dll
0x00007ffb41c50000 - 0x00007ffb41c80000 	C:\WINDOWS\System32\IMM32.DLL
0x00007ffb3cd60000 - 0x00007ffb3cd6c000 	C:\Program Files\Java\jdk-16\bin\vcruntime140_1.dll
0x00007ffb323a0000 - 0x00007ffb32431000 	C:\Program Files\Java\jdk-16\bin\msvcp140.dll
0x00007ffaee1c0000 - 0x00007ffaeed6b000 	C:\Program Files\Java\jdk-16\bin\server\jvm.dll
0x00007ffb41c80000 - 0x00007ffb41c88000 	C:\WINDOWS\System32\PSAPI.DLL
0x00007ffb31500000 - 0x00007ffb31527000 	C:\WINDOWS\SYSTEM32\WINMM.dll
0x00007ffb3f990000 - 0x00007ffb3f999000 	C:\WINDOWS\SYSTEM32\WSOCK32.dll
0x00007ffb43160000 - 0x00007ffb431cb000 	C:\WINDOWS\System32\WS2_32.dll
0x00007ffb3faf0000 - 0x00007ffb3fb02000 	C:\WINDOWS\SYSTEM32\kernel.appcore.dll
0x00007ffb3ca50000 - 0x00007ffb3ca5a000 	C:\Program Files\Java\jdk-16\bin\jimage.dll
0x00007ffb3efd0000 - 0x00007ffb3f1b4000 	C:\WINDOWS\SYSTEM32\DBGHELP.DLL
0x00007ffb2c810000 - 0x00007ffb2c83c000 	C:\WINDOWS\SYSTEM32\dbgcore.DLL
0x00007ffb41ad0000 - 0x00007ffb41b52000 	C:\WINDOWS\System32\bcryptPrimitives.dll
0x00007ffb32370000 - 0x00007ffb32395000 	C:\Program Files\Java\jdk-16\bin\java.dll

dbghelp: loaded successfully - version: 4.0.5 - missing functions: none
symbol engine: initialized successfully - sym options: 0x614 - pdb path: .;C:\Program Files\Java\jdk-16\bin;C:\WINDOWS\SYSTEM32;C:\WINDOWS\WinSxS\amd64_microsoft.windows.common-controls_6595b64144ccf1df_6.0.19041.1110_none_60b5254171f9507e;C:\Program Files\Java\jdk-16\bin\server

VM Arguments:
jvm_args: -Dfile.encoding=UTF-8 -XX:+ShowCodeDetailsInExceptionMessages 
java_command: t5.evaluable5.Servidor
java_class_path (initial): C:\Users\Daniel\eclipse-workspace\ProgramaciónServiciosProcesos\target\classes;C:\Users\Daniel\.m2\repository\com\sun\mail\javax.mail\1.6.0\javax.mail-1.6.0.jar;C:\Users\Daniel\.m2\repository\javax\activation\activation\1.1\activation-1.1.jar
Launcher Type: SUN_STANDARD

[Global flags]
     intx CICompilerCount                          = 3                                         {product} {ergonomic}
     uint ConcGCThreads                            = 1                                         {product} {ergonomic}
     uint G1ConcRefinementThreads                  = 4                                         {product} {ergonomic}
   size_t G1HeapRegionSize                         = 1048576                                   {product} {ergonomic}
    uintx GCDrainStackTargetSize                   = 64                                        {product} {ergonomic}
   size_t InitialHeapSize                          = 67108864                                  {product} {ergonomic}
   size_t MarkStackSize                            = 4194304                                   {product} {ergonomic}
   size_t MaxHeapSize                              = 1044381696                                {product} {ergonomic}
   size_t MinHeapDeltaBytes                        = 1048576                                   {product} {ergonomic}
   size_t MinHeapSize                              = 8388608                                   {product} {ergonomic}
    uintx NonNMethodCodeHeapSize                   = 5832780                                {pd product} {ergonomic}
    uintx NonProfiledCodeHeapSize                  = 122912730                              {pd product} {ergonomic}
    uintx ProfiledCodeHeapSize                     = 122912730                              {pd product} {ergonomic}
    uintx ReservedCodeCacheSize                    = 251658240                              {pd product} {ergonomic}
     bool SegmentedCodeCache                       = true                                      {product} {ergonomic}
     bool ShowCodeDetailsInExceptionMessages       = true                                   {manageable} {command line}
   size_t SoftMaxHeapSize                          = 1044381696                             {manageable} {ergonomic}
     bool UseCompressedClassPointers               = true                           {product lp64_product} {ergonomic}
     bool UseCompressedOops                        = true                           {product lp64_product} {ergonomic}
     bool UseG1GC                                  = true                                      {product} {ergonomic}
     bool UseLargePagesIndividualAllocation        = false                                  {pd product} {ergonomic}

Logging:
Log output configuration:
 #0: stdout all=warning uptime,level,tags
 #1: stderr all=off uptime,level,tags

Environment Variables:
JAVA_HOME=C:\Program Files\OpenJDK\openjdk-8u312-b07
PATH=C:\Python310\Scripts\;C:\Python310\;C:\Program Files\Common Files\Oracle\Java\javapath;C:\Python39\Scripts\;C:\Python39\;C:\WINDOWS\system32;C:\WINDOWS;C:\WINDOWS\System32\Wbem;C:\WINDOWS\System32\WindowsPowerShell\v1.0\;C:\Program Files (x86)\Skype\Phone\;C:\WINDOWS\System32\OpenSSH\;C:\ProgramData\chocolatey\bin;C:\Program Files\dotnet\;C:\Program Files (x86)\dotnet\;C:\Program Files\Git\cmd;C:\Program Files\nodejs\;C:\Program Files\OpenJDK\openjdk-8u312-b07\bin;C:\Program Files (x86)\Yarn\bin\;C:\Users\Daniel\AppData\Local\Microsoft\WindowsApps;C:\Users\Daniel\AppData\Local\Programs\Microsoft VS Code\bin;C:\Users\Daniel\.dotnet\tools;C:\Users\Daniel\AppData\Roaming\npm;C:\Users\Daniel\AppData\Local\Android\Sdk\platform-tools;C:\Users\Daniel\AppData\Local\Yarn\bin
USERNAME=Daniel
OS=Windows_NT
PROCESSOR_IDENTIFIER=Intel64 Family 6 Model 69 Stepping 1, GenuineIntel



---------------  S Y S T E M  ---------------

OS:
 Windows 10 , 64 bit Build 19041 (10.0.19041.1503)
OS uptime: 2 days 0:34 hours

CPU: total 4 (initial active 4) (2 cores per cpu, 2 threads per core) family 6 model 69 stepping 1 microcode 0x25, cx8, cmov, fxsr, ht, mmx, sse, sse2, sse3, ssse3, sse4.1, sse4.2, popcnt, lzcnt, tsc, tscinvbit, avx, avx2, aes, erms, clmul, bmi1, bmi2, fma, vzeroupper, clflush

Memory: 4k page, system-wide physical 3979M (421M free)
TotalPageFile size 16267M (AvailPageFile size 8M)
current process WorkingSet (physical memory assigned to process): 9M, peak: 9M
current process commit charge ("private bytes"): 51M, peak: 115M

vm_info: Java HotSpot(TM) 64-Bit Server VM (16+36-2231) for windows-amd64 JRE (16+36-2231), built on Feb  8 2021 11:43:10 by "mach5one" with MS VC++ 16.7 (VS2019)

END.
